<?xml version="1.0" encoding="UTF-8"?>
<testsuite name="com.kodilla.stream.array.ArrayOperationsTestSuite" tests="1" skipped="0" failures="0" errors="0" timestamp="2019-08-14T01:03:43" hostname="Asus" time="0.01">
  <properties/>
  <testcase name="testGetAverage" classname="com.kodilla.stream.array.ArrayOperationsTestSuite" time="0.01"/>
  <system-out><![CDATA[2
4
2
4
2
4
2
4
2
4
2
4
2
4
2
4
2
4
2
4
]]></system-out>
  <system-err><![CDATA[]]></system-err>
</testsuite>
