<?xml version="1.0" encoding="UTF-8"?>
<testsuite name="com.kodilla.spring.calculator.CalculatorTestSuite" tests="1" skipped="0" failures="0" errors="0" timestamp="2019-10-03T23:23:22" hostname="Asus" time="0.531">
  <properties/>
  <testcase name="testCalculations" classname="com.kodilla.spring.calculator.CalculatorTestSuite" time="0.531"/>
  <system-out><![CDATA[01:23:21.520 [Test worker] DEBUG org.springframework.test.context.junit4.SpringJUnit4ClassRunner - SpringJUnit4ClassRunner constructor called with [class com.kodilla.spring.calculator.CalculatorTestSuite]
01:23:21.532 [Test worker] DEBUG org.springframework.test.context.BootstrapUtils - Instantiating CacheAwareContextLoaderDelegate from class [org.springframework.test.context.cache.DefaultCacheAwareContextLoaderDelegate]
01:23:21.543 [Test worker] DEBUG org.springframework.test.context.BootstrapUtils - Instantiating BootstrapContext using constructor [public org.springframework.test.context.support.DefaultBootstrapContext(java.lang.Class,org.springframework.test.context.CacheAwareContextLoaderDelegate)]
01:23:21.572 [Test worker] DEBUG org.springframework.test.context.BootstrapUtils - Instantiating TestContextBootstrapper for test class [com.kodilla.spring.calculator.CalculatorTestSuite] from class [org.springframework.boot.test.context.SpringBootTestContextBootstrapper]
01:23:21.588 [Test worker] INFO org.springframework.boot.test.context.SpringBootTestContextBootstrapper - Neither @ContextConfiguration nor @ContextHierarchy found for test class [com.kodilla.spring.calculator.CalculatorTestSuite], using SpringBootContextLoader
01:23:21.592 [Test worker] DEBUG org.springframework.test.context.support.AbstractContextLoader - Did not detect default resource location for test class [com.kodilla.spring.calculator.CalculatorTestSuite]: class path resource [com/kodilla/spring/calculator/CalculatorTestSuite-context.xml] does not exist
01:23:21.593 [Test worker] DEBUG org.springframework.test.context.support.AbstractContextLoader - Did not detect default resource location for test class [com.kodilla.spring.calculator.CalculatorTestSuite]: class path resource [com/kodilla/spring/calculator/CalculatorTestSuiteContext.groovy] does not exist
01:23:21.593 [Test worker] INFO org.springframework.test.context.support.AbstractContextLoader - Could not detect default resource locations for test class [com.kodilla.spring.calculator.CalculatorTestSuite]: no resource found for suffixes {-context.xml, Context.groovy}.
01:23:21.595 [Test worker] INFO org.springframework.test.context.support.AnnotationConfigContextLoaderUtils - Could not detect default configuration classes for test class [com.kodilla.spring.calculator.CalculatorTestSuite]: CalculatorTestSuite does not declare any static, non-private, non-final, nested classes annotated with @Configuration.
01:23:21.649 [Test worker] DEBUG org.springframework.test.context.support.ActiveProfilesUtils - Could not find an 'annotation declaring class' for annotation type [org.springframework.test.context.ActiveProfiles] and class [com.kodilla.spring.calculator.CalculatorTestSuite]
01:23:21.743 [Test worker] DEBUG org.springframework.context.annotation.ClassPathScanningCandidateComponentProvider - Identified candidate component class: file [D:\INNE\Programowanie\Projects\kodilla-course\kodilla-spring\build\classes\java\main\com\kodilla\spring\SpringRunner.class]
01:23:21.746 [Test worker] INFO org.springframework.boot.test.context.SpringBootTestContextBootstrapper - Found @SpringBootConfiguration com.kodilla.spring.SpringRunner for test class com.kodilla.spring.calculator.CalculatorTestSuite
01:23:21.865 [Test worker] DEBUG org.springframework.boot.test.context.SpringBootTestContextBootstrapper - @TestExecutionListeners is not present for class [com.kodilla.spring.calculator.CalculatorTestSuite]: using defaults.
01:23:21.868 [Test worker] INFO org.springframework.boot.test.context.SpringBootTestContextBootstrapper - Loaded default TestExecutionListener class names from location [META-INF/spring.factories]: [org.springframework.boot.test.autoconfigure.restdocs.RestDocsTestExecutionListener, org.springframework.boot.test.autoconfigure.web.client.MockRestServiceServerResetTestExecutionListener, org.springframework.boot.test.autoconfigure.web.servlet.MockMvcPrintOnlyOnFailureTestExecutionListener, org.springframework.boot.test.autoconfigure.web.servlet.WebDriverTestExecutionListener, org.springframework.boot.test.mock.mockito.MockitoTestExecutionListener, org.springframework.boot.test.mock.mockito.ResetMocksTestExecutionListener, org.springframework.test.context.web.ServletTestExecutionListener, org.springframework.test.context.support.DirtiesContextBeforeModesTestExecutionListener, org.springframework.test.context.support.DependencyInjectionTestExecutionListener, org.springframework.test.context.support.DirtiesContextTestExecutionListener, org.springframework.test.context.transaction.TransactionalTestExecutionListener, org.springframework.test.context.jdbc.SqlScriptsTestExecutionListener]
01:23:21.882 [Test worker] DEBUG org.springframework.boot.test.context.SpringBootTestContextBootstrapper - Skipping candidate TestExecutionListener [org.springframework.test.context.web.ServletTestExecutionListener] due to a missing dependency. Specify custom listener classes or make the default listener classes and their required dependencies available. Offending class: [javax/servlet/ServletContext]
01:23:21.884 [Test worker] DEBUG org.springframework.boot.test.context.SpringBootTestContextBootstrapper - Skipping candidate TestExecutionListener [org.springframework.test.context.transaction.TransactionalTestExecutionListener] due to a missing dependency. Specify custom listener classes or make the default listener classes and their required dependencies available. Offending class: [org/springframework/transaction/interceptor/TransactionAttributeSource]
01:23:21.885 [Test worker] DEBUG org.springframework.boot.test.context.SpringBootTestContextBootstrapper - Skipping candidate TestExecutionListener [org.springframework.test.context.jdbc.SqlScriptsTestExecutionListener] due to a missing dependency. Specify custom listener classes or make the default listener classes and their required dependencies available. Offending class: [org/springframework/transaction/interceptor/TransactionAttribute]
01:23:21.885 [Test worker] INFO org.springframework.boot.test.context.SpringBootTestContextBootstrapper - Using TestExecutionListeners: [org.springframework.test.context.support.DirtiesContextBeforeModesTestExecutionListener@7ba4e63b, org.springframework.boot.test.mock.mockito.MockitoTestExecutionListener@4f89674e, org.springframework.boot.test.autoconfigure.SpringBootDependencyInjectionTestExecutionListener@1633c052, org.springframework.test.context.support.DirtiesContextTestExecutionListener@15e6b725, org.springframework.boot.test.autoconfigure.restdocs.RestDocsTestExecutionListener@492f1e9c, org.springframework.boot.test.autoconfigure.web.client.MockRestServiceServerResetTestExecutionListener@4d18b3e0, org.springframework.boot.test.autoconfigure.web.servlet.MockMvcPrintOnlyOnFailureTestExecutionListener@45a1cb41, org.springframework.boot.test.autoconfigure.web.servlet.WebDriverTestExecutionListener@65de034f, org.springframework.boot.test.mock.mockito.ResetMocksTestExecutionListener@54342a96]
01:23:21.889 [Test worker] DEBUG org.springframework.test.annotation.ProfileValueUtils - Retrieved @ProfileValueSourceConfiguration [null] for test class [com.kodilla.spring.calculator.CalculatorTestSuite]
01:23:21.889 [Test worker] DEBUG org.springframework.test.annotation.ProfileValueUtils - Retrieved ProfileValueSource type [class org.springframework.test.annotation.SystemProfileValueSource] for class [com.kodilla.spring.calculator.CalculatorTestSuite]
01:23:21.890 [Test worker] DEBUG org.springframework.test.annotation.ProfileValueUtils - Retrieved @ProfileValueSourceConfiguration [null] for test class [com.kodilla.spring.calculator.CalculatorTestSuite]
01:23:21.890 [Test worker] DEBUG org.springframework.test.annotation.ProfileValueUtils - Retrieved ProfileValueSource type [class org.springframework.test.annotation.SystemProfileValueSource] for class [com.kodilla.spring.calculator.CalculatorTestSuite]
01:23:21.896 [Test worker] DEBUG org.springframework.test.context.support.AbstractDirtiesContextTestExecutionListener - Before test class: context [DefaultTestContext@5dbf5ec testClass = CalculatorTestSuite, testInstance = [null], testMethod = [null], testException = [null], mergedContextConfiguration = [MergedContextConfiguration@49eb815 testClass = CalculatorTestSuite, locations = '{}', classes = '{class com.kodilla.spring.SpringRunner}', contextInitializerClasses = '[]', activeProfiles = '{}', propertySourceLocations = '{}', propertySourceProperties = '{org.springframework.boot.test.context.SpringBootTestContextBootstrapper=true}', contextCustomizers = set[org.springframework.boot.test.autoconfigure.properties.PropertyMappingContextCustomizer@0, org.springframework.boot.test.autoconfigure.web.servlet.WebDriverContextCustomizerFactory$Customizer@61fc2694, org.springframework.boot.test.context.filter.ExcludeFilterContextCustomizer@32f8227e, org.springframework.boot.test.json.DuplicateJsonObjectContextCustomizerFactory$DuplicateJsonObjectContextCustomizer@1fc5ccca, org.springframework.boot.test.mock.mockito.MockitoContextCustomizer@0, org.springframework.boot.test.web.client.TestRestTemplateContextCustomizer@16c363d4], contextLoader = 'org.springframework.boot.test.context.SpringBootContextLoader', parent = [null]], attributes = map[[empty]]], class annotated with @DirtiesContext [false] with mode [null].
01:23:21.896 [Test worker] DEBUG org.springframework.test.annotation.ProfileValueUtils - Retrieved @ProfileValueSourceConfiguration [null] for test class [com.kodilla.spring.calculator.CalculatorTestSuite]
01:23:21.897 [Test worker] DEBUG org.springframework.test.annotation.ProfileValueUtils - Retrieved ProfileValueSource type [class org.springframework.test.annotation.SystemProfileValueSource] for class [com.kodilla.spring.calculator.CalculatorTestSuite]
01:23:21.902 [Test worker] DEBUG org.springframework.test.context.support.DependencyInjectionTestExecutionListener - Performing dependency injection for test context [[DefaultTestContext@5dbf5ec testClass = CalculatorTestSuite, testInstance = com.kodilla.spring.calculator.CalculatorTestSuite@5855dc6, testMethod = [null], testException = [null], mergedContextConfiguration = [MergedContextConfiguration@49eb815 testClass = CalculatorTestSuite, locations = '{}', classes = '{class com.kodilla.spring.SpringRunner}', contextInitializerClasses = '[]', activeProfiles = '{}', propertySourceLocations = '{}', propertySourceProperties = '{org.springframework.boot.test.context.SpringBootTestContextBootstrapper=true}', contextCustomizers = set[org.springframework.boot.test.autoconfigure.properties.PropertyMappingContextCustomizer@0, org.springframework.boot.test.autoconfigure.web.servlet.WebDriverContextCustomizerFactory$Customizer@61fc2694, org.springframework.boot.test.context.filter.ExcludeFilterContextCustomizer@32f8227e, org.springframework.boot.test.json.DuplicateJsonObjectContextCustomizerFactory$DuplicateJsonObjectContextCustomizer@1fc5ccca, org.springframework.boot.test.mock.mockito.MockitoContextCustomizer@0, org.springframework.boot.test.web.client.TestRestTemplateContextCustomizer@16c363d4], contextLoader = 'org.springframework.boot.test.context.SpringBootContextLoader', parent = [null]], attributes = map[[empty]]]].
01:23:21.926 [Test worker] DEBUG org.springframework.test.context.support.TestPropertySourceUtils - Adding inlined properties to environment: {spring.jmx.enabled=false, org.springframework.boot.test.context.SpringBootTestContextBootstrapper=true, server.port=-1}

  .   ____          _            __ _ _
 /\\ / ___'_ __ _ _(_)_ __  __ _ \ \ \ \
( ( )\___ | '_ | '_| | '_ \/ _` | \ \ \ \
 \\/  ___)| |_)| | | | | || (_| |  ) ) ) )
  '  |____| .__|_| |_|_| |_\__, | / / / /
 =========|_|==============|___/=/_/_/_/
 :: Spring Boot ::        (v2.1.4.RELEASE)

2019-10-04 01:23:22.197  INFO 4272 --- [    Test worker] c.k.s.calculator.CalculatorTestSuite     : Starting CalculatorTestSuite on Asus with PID 4272 (started by Mateusz in D:\INNE\Programowanie\Projects\kodilla-course\kodilla-spring)
2019-10-04 01:23:22.198  INFO 4272 --- [    Test worker] c.k.s.calculator.CalculatorTestSuite     : No active profile set, falling back to default profiles: default
2019-10-04 01:23:22.873  INFO 4272 --- [    Test worker] c.k.s.calculator.CalculatorTestSuite     : Started CalculatorTestSuite in 0.945 seconds (JVM running for 2.467)
Value is: 4.0
Value is: 5.0
Value is: 16.0
Value is: 2.0
]]></system-out>
  <system-err><![CDATA[]]></system-err>
</testsuite>
