<?xml version="1.0" encoding="UTF-8"?>
<testsuite name="com.kodilla.testing.collection.OddNumberExterminatorTestSuite" tests="2" skipped="0" failures="0" errors="0" timestamp="2019-06-27T17:40:56" hostname="Asus" time="0.004">
  <properties/>
  <testcase name="testOddNumbersExterminatorEmptyList" classname="com.kodilla.testing.collection.OddNumberExterminatorTestSuite" time="0.004"/>
  <testcase name="testOddNumbersExterminatorNormalList" classname="com.kodilla.testing.collection.OddNumberExterminatorTestSuite" time="0.0"/>
  <system-out><![CDATA[Test suite: begin
Test case: begin
Test case: end
Test case: begin
Test case: end
Test suite: end
]]></system-out>
  <system-err><![CDATA[]]></system-err>
</testsuite>
