<?xml version="1.0" encoding="UTF-8"?>
<testsuite name="com.kodilla.hibernate.KodillaHibernateApplicationTests" tests="1" skipped="0" failures="0" errors="0" timestamp="2019-12-23T19:26:06" hostname="Asus" time="0.004">
  <properties/>
  <testcase name="contextLoads" classname="com.kodilla.hibernate.KodillaHibernateApplicationTests" time="0.004"/>
  <system-out><![CDATA[2019-12-23 20:26:06.578  INFO 6960 --- [    Test worker] .b.t.c.SpringBootTestContextBootstrapper : Neither @ContextConfiguration nor @ContextHierarchy found for test class [com.kodilla.hibernate.KodillaHibernateApplicationTests], using SpringBootContextLoader
2019-12-23 20:26:06.579  INFO 6960 --- [    Test worker] o.s.t.c.support.AbstractContextLoader    : Could not detect default resource locations for test class [com.kodilla.hibernate.KodillaHibernateApplicationTests]: no resource found for suffixes {-context.xml, Context.groovy}.
2019-12-23 20:26:06.580  INFO 6960 --- [    Test worker] t.c.s.AnnotationConfigContextLoaderUtils : Could not detect default configuration classes for test class [com.kodilla.hibernate.KodillaHibernateApplicationTests]: KodillaHibernateApplicationTests does not declare any static, non-private, non-final, nested classes annotated with @Configuration.
2019-12-23 20:26:06.585  INFO 6960 --- [    Test worker] .b.t.c.SpringBootTestContextBootstrapper : Found @SpringBootConfiguration com.kodilla.hibernate.KodillaHibernateApplication for test class com.kodilla.hibernate.KodillaHibernateApplicationTests
2019-12-23 20:26:06.589  INFO 6960 --- [    Test worker] .b.t.c.SpringBootTestContextBootstrapper : Loaded default TestExecutionListener class names from location [META-INF/spring.factories]: [org.springframework.boot.test.autoconfigure.restdocs.RestDocsTestExecutionListener, org.springframework.boot.test.autoconfigure.web.client.MockRestServiceServerResetTestExecutionListener, org.springframework.boot.test.autoconfigure.web.servlet.MockMvcPrintOnlyOnFailureTestExecutionListener, org.springframework.boot.test.autoconfigure.web.servlet.WebDriverTestExecutionListener, org.springframework.boot.test.mock.mockito.MockitoTestExecutionListener, org.springframework.boot.test.mock.mockito.ResetMocksTestExecutionListener, org.springframework.test.context.web.ServletTestExecutionListener, org.springframework.test.context.support.DirtiesContextBeforeModesTestExecutionListener, org.springframework.test.context.support.DependencyInjectionTestExecutionListener, org.springframework.test.context.support.DirtiesContextTestExecutionListener, org.springframework.test.context.transaction.TransactionalTestExecutionListener, org.springframework.test.context.jdbc.SqlScriptsTestExecutionListener]
2019-12-23 20:26:06.590  INFO 6960 --- [    Test worker] .b.t.c.SpringBootTestContextBootstrapper : Using TestExecutionListeners: [org.springframework.test.context.support.DirtiesContextBeforeModesTestExecutionListener@72d8ce0e, org.springframework.boot.test.mock.mockito.MockitoTestExecutionListener@cb144f6, org.springframework.boot.test.autoconfigure.SpringBootDependencyInjectionTestExecutionListener@1e6df7a6, org.springframework.test.context.support.DirtiesContextTestExecutionListener@56840c46, org.springframework.test.context.transaction.TransactionalTestExecutionListener@62180026, org.springframework.test.context.jdbc.SqlScriptsTestExecutionListener@64887e67, org.springframework.boot.test.autoconfigure.restdocs.RestDocsTestExecutionListener@15a97597, org.springframework.boot.test.autoconfigure.web.client.MockRestServiceServerResetTestExecutionListener@63b9ad58, org.springframework.boot.test.autoconfigure.web.servlet.MockMvcPrintOnlyOnFailureTestExecutionListener@41829839, org.springframework.boot.test.autoconfigure.web.servlet.WebDriverTestExecutionListener@665ebd28, org.springframework.boot.test.mock.mockito.ResetMocksTestExecutionListener@380579b9]
]]></system-out>
  <system-err><![CDATA[]]></system-err>
</testsuite>
