<?xml version="1.0" encoding="UTF-8"?>
<testsuite name="com.kodilla.hibernate.tasklist.dao.TaskListDaoTestSuite" tests="3" skipped="0" failures="0" errors="0" timestamp="2019-12-18T13:20:36" hostname="Asus" time="0.237">
  <properties/>
  <testcase name="testNamedQueries" classname="com.kodilla.hibernate.tasklist.dao.TaskListDaoTestSuite" time="0.153"/>
  <testcase name="testTaskListDaoSaveWithTasks" classname="com.kodilla.hibernate.tasklist.dao.TaskListDaoTestSuite" time="0.058"/>
  <testcase name="testFindByListName" classname="com.kodilla.hibernate.tasklist.dao.TaskListDaoTestSuite" time="0.025"/>
  <system-out><![CDATA[2019-12-18 14:20:36.489  INFO 12512 --- [    Test worker] .b.t.c.SpringBootTestContextBootstrapper : Neither @ContextConfiguration nor @ContextHierarchy found for test class [com.kodilla.hibernate.tasklist.dao.TaskListDaoTestSuite], using SpringBootContextLoader
2019-12-18 14:20:36.490  INFO 12512 --- [    Test worker] o.s.t.c.support.AbstractContextLoader    : Could not detect default resource locations for test class [com.kodilla.hibernate.tasklist.dao.TaskListDaoTestSuite]: no resource found for suffixes {-context.xml, Context.groovy}.
2019-12-18 14:20:36.491  INFO 12512 --- [    Test worker] t.c.s.AnnotationConfigContextLoaderUtils : Could not detect default configuration classes for test class [com.kodilla.hibernate.tasklist.dao.TaskListDaoTestSuite]: TaskListDaoTestSuite does not declare any static, non-private, non-final, nested classes annotated with @Configuration.
2019-12-18 14:20:36.504  INFO 12512 --- [    Test worker] .b.t.c.SpringBootTestContextBootstrapper : Found @SpringBootConfiguration com.kodilla.hibernate.KodillaHibernateApplication for test class com.kodilla.hibernate.tasklist.dao.TaskListDaoTestSuite
2019-12-18 14:20:36.507  INFO 12512 --- [    Test worker] .b.t.c.SpringBootTestContextBootstrapper : Loaded default TestExecutionListener class names from location [META-INF/spring.factories]: [org.springframework.boot.test.autoconfigure.restdocs.RestDocsTestExecutionListener, org.springframework.boot.test.autoconfigure.web.client.MockRestServiceServerResetTestExecutionListener, org.springframework.boot.test.autoconfigure.web.servlet.MockMvcPrintOnlyOnFailureTestExecutionListener, org.springframework.boot.test.autoconfigure.web.servlet.WebDriverTestExecutionListener, org.springframework.boot.test.mock.mockito.MockitoTestExecutionListener, org.springframework.boot.test.mock.mockito.ResetMocksTestExecutionListener, org.springframework.test.context.web.ServletTestExecutionListener, org.springframework.test.context.support.DirtiesContextBeforeModesTestExecutionListener, org.springframework.test.context.support.DependencyInjectionTestExecutionListener, org.springframework.test.context.support.DirtiesContextTestExecutionListener, org.springframework.test.context.transaction.TransactionalTestExecutionListener, org.springframework.test.context.jdbc.SqlScriptsTestExecutionListener]
2019-12-18 14:20:36.508  INFO 12512 --- [    Test worker] .b.t.c.SpringBootTestContextBootstrapper : Using TestExecutionListeners: [org.springframework.test.context.support.DirtiesContextBeforeModesTestExecutionListener@668f54a5, org.springframework.boot.test.mock.mockito.MockitoTestExecutionListener@26cee1e9, org.springframework.boot.test.autoconfigure.SpringBootDependencyInjectionTestExecutionListener@539f4ae8, org.springframework.test.context.support.DirtiesContextTestExecutionListener@13596a24, org.springframework.test.context.transaction.TransactionalTestExecutionListener@f6f3e96, org.springframework.test.context.jdbc.SqlScriptsTestExecutionListener@5e7f573b, org.springframework.boot.test.autoconfigure.restdocs.RestDocsTestExecutionListener@779e8e16, org.springframework.boot.test.autoconfigure.web.client.MockRestServiceServerResetTestExecutionListener@2f4ed28b, org.springframework.boot.test.autoconfigure.web.servlet.MockMvcPrintOnlyOnFailureTestExecutionListener@59a3c27a, org.springframework.boot.test.autoconfigure.web.servlet.WebDriverTestExecutionListener@7d4180fa, org.springframework.boot.test.mock.mockito.ResetMocksTestExecutionListener@7eac5f7a]
Hibernate: select next_val as id_val from hibernate_sequence for update
Hibernate: update hibernate_sequence set next_val= ? where next_val=?
Hibernate: select next_val as id_val from hibernate_sequence for update
Hibernate: update hibernate_sequence set next_val= ? where next_val=?
Hibernate: select next_val as id_val from hibernate_sequence for update
Hibernate: update hibernate_sequence set next_val= ? where next_val=?
Hibernate: select next_val as id_val from hibernate_sequence for update
Hibernate: update hibernate_sequence set next_val= ? where next_val=?
Hibernate: select next_val as id_val from hibernate_sequence for update
Hibernate: update hibernate_sequence set next_val= ? where next_val=?
Hibernate: select next_val as id_val from hibernate_sequence for update
Hibernate: update hibernate_sequence set next_val= ? where next_val=?
Hibernate: select next_val as id_val from hibernate_sequence for update
Hibernate: update hibernate_sequence set next_val= ? where next_val=?
Hibernate: select next_val as id_val from hibernate_sequence for update
Hibernate: update hibernate_sequence set next_val= ? where next_val=?
Hibernate: select next_val as id_val from hibernate_sequence for update
Hibernate: update hibernate_sequence set next_val= ? where next_val=?
Hibernate: insert into tasklist (description, listname, id) values (?, ?, ?)
Hibernate: insert into tasks_financials (paid, price, id) values (?, ?, ?)
Hibernate: insert into tasks (created, description, duration, task_financials_id, tasklist_id, id) values (?, ?, ?, ?, ?, ?)
Hibernate: insert into tasks_financials (paid, price, id) values (?, ?, ?)
Hibernate: insert into tasks (created, description, duration, task_financials_id, tasklist_id, id) values (?, ?, ?, ?, ?, ?)
Hibernate: insert into tasks_financials (paid, price, id) values (?, ?, ?)
Hibernate: insert into tasks (created, description, duration, task_financials_id, tasklist_id, id) values (?, ?, ?, ?, ?, ?)
Hibernate: insert into tasks_financials (paid, price, id) values (?, ?, ?)
Hibernate: insert into tasks (created, description, duration, task_financials_id, tasklist_id, id) values (?, ?, ?, ?, ?, ?)
Hibernate: select task0_.id as id1_7_, task0_.created as created2_7_, task0_.description as descript3_7_, task0_.duration as duration4_7_, task0_.task_financials_id as task_fin5_7_, task0_.tasklist_id as tasklist6_7_ from tasks task0_ where task0_.duration>10
Hibernate: select taskfinanc0_.id as id1_8_0_, taskfinanc0_.paid as paid2_8_0_, taskfinanc0_.price as price3_8_0_ from tasks_financials taskfinanc0_ where taskfinanc0_.id=?
Hibernate: select tasklist0_.id as id1_6_0_, tasklist0_.description as descript2_6_0_, tasklist0_.listname as listname3_6_0_ from tasklist tasklist0_ where tasklist0_.id=?
Hibernate: select task0_.id as id1_7_, task0_.created as created2_7_, task0_.description as descript3_7_, task0_.duration as duration4_7_, task0_.task_financials_id as task_fin5_7_, task0_.tasklist_id as tasklist6_7_ from tasks task0_ where task0_.duration<=10
Hibernate: select taskfinanc0_.id as id1_8_0_, taskfinanc0_.paid as paid2_8_0_, taskfinanc0_.price as price3_8_0_ from tasks_financials taskfinanc0_ where taskfinanc0_.id=?
Hibernate: select tasklist0_.id as id1_6_0_, tasklist0_.description as descript2_6_0_, tasklist0_.listname as listname3_6_0_ from tasklist tasklist0_ where tasklist0_.id=?
Hibernate: select taskfinanc0_.id as id1_8_0_, taskfinanc0_.paid as paid2_8_0_, taskfinanc0_.price as price3_8_0_ from tasks_financials taskfinanc0_ where taskfinanc0_.id=?
Hibernate: select taskfinanc0_.id as id1_8_0_, taskfinanc0_.paid as paid2_8_0_, taskfinanc0_.price as price3_8_0_ from tasks_financials taskfinanc0_ where taskfinanc0_.id=?
Hibernate: SELECT * FROM TASKS WHERE DATEDIFF(DATE_ADD(CREATED, INTERVAL DURATION DAY), NOW()) > 5
Hibernate: select taskfinanc0_.id as id1_8_0_, taskfinanc0_.paid as paid2_8_0_, taskfinanc0_.price as price3_8_0_ from tasks_financials taskfinanc0_ where taskfinanc0_.id=?
Hibernate: select tasklist0_.id as id1_6_0_, tasklist0_.description as descript2_6_0_, tasklist0_.listname as listname3_6_0_ from tasklist tasklist0_ where tasklist0_.id=?
Hibernate: select taskfinanc0_.id as id1_8_0_, taskfinanc0_.paid as paid2_8_0_, taskfinanc0_.price as price3_8_0_ from tasks_financials taskfinanc0_ where taskfinanc0_.id=?
Hibernate: select taskfinanc0_.id as id1_8_0_, taskfinanc0_.paid as paid2_8_0_, taskfinanc0_.price as price3_8_0_ from tasks_financials taskfinanc0_ where taskfinanc0_.id=?
Hibernate: select task0_.id as id1_7_, task0_.created as created2_7_, task0_.description as descript3_7_, task0_.duration as duration4_7_, task0_.task_financials_id as task_fin5_7_, task0_.tasklist_id as tasklist6_7_ from tasks task0_ where task0_.duration>?
Hibernate: select taskfinanc0_.id as id1_8_0_, taskfinanc0_.paid as paid2_8_0_, taskfinanc0_.price as price3_8_0_ from tasks_financials taskfinanc0_ where taskfinanc0_.id=?
Hibernate: select tasklist0_.id as id1_6_0_, tasklist0_.description as descript2_6_0_, tasklist0_.listname as listname3_6_0_ from tasklist tasklist0_ where tasklist0_.id=?
Hibernate: select taskfinanc0_.id as id1_8_0_, taskfinanc0_.paid as paid2_8_0_, taskfinanc0_.price as price3_8_0_ from tasks_financials taskfinanc0_ where taskfinanc0_.id=?
Hibernate: select tasklist0_.id as id1_6_0_, tasklist0_.description as descript2_6_0_, tasklist0_.listname as listname3_6_0_ from tasklist tasklist0_ where tasklist0_.id=?
Hibernate: select tasks0_.tasklist_id as tasklist6_7_0_, tasks0_.id as id1_7_0_, tasks0_.id as id1_7_1_, tasks0_.created as created2_7_1_, tasks0_.description as descript3_7_1_, tasks0_.duration as duration4_7_1_, tasks0_.task_financials_id as task_fin5_7_1_, tasks0_.tasklist_id as tasklist6_7_1_, taskfinanc1_.id as id1_8_2_, taskfinanc1_.paid as paid2_8_2_, taskfinanc1_.price as price3_8_2_ from tasks tasks0_ left outer join tasks_financials taskfinanc1_ on tasks0_.task_financials_id=taskfinanc1_.id where tasks0_.tasklist_id=?
Hibernate: delete from tasks where id=?
Hibernate: delete from tasks_financials where id=?
Hibernate: delete from tasks where id=?
Hibernate: delete from tasks_financials where id=?
Hibernate: delete from tasks where id=?
Hibernate: delete from tasks_financials where id=?
Hibernate: delete from tasks where id=?
Hibernate: delete from tasks_financials where id=?
Hibernate: delete from tasklist where id=?
Hibernate: select next_val as id_val from hibernate_sequence for update
Hibernate: update hibernate_sequence set next_val= ? where next_val=?
Hibernate: select next_val as id_val from hibernate_sequence for update
Hibernate: update hibernate_sequence set next_val= ? where next_val=?
Hibernate: select next_val as id_val from hibernate_sequence for update
Hibernate: update hibernate_sequence set next_val= ? where next_val=?
Hibernate: select next_val as id_val from hibernate_sequence for update
Hibernate: update hibernate_sequence set next_val= ? where next_val=?
Hibernate: select next_val as id_val from hibernate_sequence for update
Hibernate: update hibernate_sequence set next_val= ? where next_val=?
Hibernate: insert into tasklist (description, listname, id) values (?, ?, ?)
Hibernate: insert into tasks_financials (paid, price, id) values (?, ?, ?)
Hibernate: insert into tasks (created, description, duration, task_financials_id, tasklist_id, id) values (?, ?, ?, ?, ?, ?)
Hibernate: insert into tasks_financials (paid, price, id) values (?, ?, ?)
Hibernate: insert into tasks (created, description, duration, task_financials_id, tasklist_id, id) values (?, ?, ?, ?, ?, ?)
Hibernate: select tasklist0_.id as id1_6_0_, tasklist0_.description as descript2_6_0_, tasklist0_.listname as listname3_6_0_ from tasklist tasklist0_ where tasklist0_.id=?
Hibernate: select tasks0_.tasklist_id as tasklist6_7_0_, tasks0_.id as id1_7_0_, tasks0_.id as id1_7_1_, tasks0_.created as created2_7_1_, tasks0_.description as descript3_7_1_, tasks0_.duration as duration4_7_1_, tasks0_.task_financials_id as task_fin5_7_1_, tasks0_.tasklist_id as tasklist6_7_1_, taskfinanc1_.id as id1_8_2_, taskfinanc1_.paid as paid2_8_2_, taskfinanc1_.price as price3_8_2_ from tasks tasks0_ left outer join tasks_financials taskfinanc1_ on tasks0_.task_financials_id=taskfinanc1_.id where tasks0_.tasklist_id=?
Hibernate: delete from tasks where id=?
Hibernate: delete from tasks_financials where id=?
Hibernate: delete from tasks where id=?
Hibernate: delete from tasks_financials where id=?
Hibernate: delete from tasklist where id=?
Hibernate: select next_val as id_val from hibernate_sequence for update
Hibernate: update hibernate_sequence set next_val= ? where next_val=?
Hibernate: insert into tasklist (description, listname, id) values (?, ?, ?)
Hibernate: select tasklist0_.id as id1_6_, tasklist0_.description as descript2_6_, tasklist0_.listname as listname3_6_ from tasklist tasklist0_ where tasklist0_.listname=?
Hibernate: select tasklist0_.id as id1_6_0_, tasklist0_.description as descript2_6_0_, tasklist0_.listname as listname3_6_0_ from tasklist tasklist0_ where tasklist0_.id=?
Hibernate: select tasks0_.tasklist_id as tasklist6_7_0_, tasks0_.id as id1_7_0_, tasks0_.id as id1_7_1_, tasks0_.created as created2_7_1_, tasks0_.description as descript3_7_1_, tasks0_.duration as duration4_7_1_, tasks0_.task_financials_id as task_fin5_7_1_, tasks0_.tasklist_id as tasklist6_7_1_, taskfinanc1_.id as id1_8_2_, taskfinanc1_.paid as paid2_8_2_, taskfinanc1_.price as price3_8_2_ from tasks tasks0_ left outer join tasks_financials taskfinanc1_ on tasks0_.task_financials_id=taskfinanc1_.id where tasks0_.tasklist_id=?
Hibernate: delete from tasklist where id=?
]]></system-out>
  <system-err><![CDATA[]]></system-err>
</testsuite>
