<?xml version="1.0" encoding="UTF-8"?>
<testsuite name="com.kodilla.hibernate.task.dao.TaskDaoTestSuite" tests="3" skipped="0" failures="0" errors="0" timestamp="2019-12-20T22:55:15" hostname="Asus" time="0.133">
  <properties/>
  <testcase name="testTaskDaoFindByDuration" classname="com.kodilla.hibernate.task.dao.TaskDaoTestSuite" time="0.072"/>
  <testcase name="testTaskDaoSave" classname="com.kodilla.hibernate.task.dao.TaskDaoTestSuite" time="0.027"/>
  <testcase name="testTaskDaoSaveWithFinancialDetail" classname="com.kodilla.hibernate.task.dao.TaskDaoTestSuite" time="0.032"/>
  <system-out><![CDATA[2019-12-20 23:55:15.158  INFO 13076 --- [    Test worker] .b.t.c.SpringBootTestContextBootstrapper : Neither @ContextConfiguration nor @ContextHierarchy found for test class [com.kodilla.hibernate.task.dao.TaskDaoTestSuite], using SpringBootContextLoader
2019-12-20 23:55:15.159  INFO 13076 --- [    Test worker] o.s.t.c.support.AbstractContextLoader    : Could not detect default resource locations for test class [com.kodilla.hibernate.task.dao.TaskDaoTestSuite]: no resource found for suffixes {-context.xml, Context.groovy}.
2019-12-20 23:55:15.159  INFO 13076 --- [    Test worker] t.c.s.AnnotationConfigContextLoaderUtils : Could not detect default configuration classes for test class [com.kodilla.hibernate.task.dao.TaskDaoTestSuite]: TaskDaoTestSuite does not declare any static, non-private, non-final, nested classes annotated with @Configuration.
2019-12-20 23:55:15.176  INFO 13076 --- [    Test worker] .b.t.c.SpringBootTestContextBootstrapper : Found @SpringBootConfiguration com.kodilla.hibernate.KodillaHibernateApplication for test class com.kodilla.hibernate.task.dao.TaskDaoTestSuite
2019-12-20 23:55:15.179  INFO 13076 --- [    Test worker] .b.t.c.SpringBootTestContextBootstrapper : Loaded default TestExecutionListener class names from location [META-INF/spring.factories]: [org.springframework.boot.test.autoconfigure.restdocs.RestDocsTestExecutionListener, org.springframework.boot.test.autoconfigure.web.client.MockRestServiceServerResetTestExecutionListener, org.springframework.boot.test.autoconfigure.web.servlet.MockMvcPrintOnlyOnFailureTestExecutionListener, org.springframework.boot.test.autoconfigure.web.servlet.WebDriverTestExecutionListener, org.springframework.boot.test.mock.mockito.MockitoTestExecutionListener, org.springframework.boot.test.mock.mockito.ResetMocksTestExecutionListener, org.springframework.test.context.web.ServletTestExecutionListener, org.springframework.test.context.support.DirtiesContextBeforeModesTestExecutionListener, org.springframework.test.context.support.DependencyInjectionTestExecutionListener, org.springframework.test.context.support.DirtiesContextTestExecutionListener, org.springframework.test.context.transaction.TransactionalTestExecutionListener, org.springframework.test.context.jdbc.SqlScriptsTestExecutionListener]
2019-12-20 23:55:15.180  INFO 13076 --- [    Test worker] .b.t.c.SpringBootTestContextBootstrapper : Using TestExecutionListeners: [org.springframework.test.context.support.DirtiesContextBeforeModesTestExecutionListener@24956240, org.springframework.boot.test.mock.mockito.MockitoTestExecutionListener@833232f, org.springframework.boot.test.autoconfigure.SpringBootDependencyInjectionTestExecutionListener@2da2b8c0, org.springframework.test.context.support.DirtiesContextTestExecutionListener@a718b75, org.springframework.test.context.transaction.TransactionalTestExecutionListener@5f96f19, org.springframework.test.context.jdbc.SqlScriptsTestExecutionListener@14c21ed2, org.springframework.boot.test.autoconfigure.restdocs.RestDocsTestExecutionListener@2c1ec032, org.springframework.boot.test.autoconfigure.web.client.MockRestServiceServerResetTestExecutionListener@2ab2dce7, org.springframework.boot.test.autoconfigure.web.servlet.MockMvcPrintOnlyOnFailureTestExecutionListener@64fdff0f, org.springframework.boot.test.autoconfigure.web.servlet.WebDriverTestExecutionListener@60cd59cc, org.springframework.boot.test.mock.mockito.ResetMocksTestExecutionListener@3a880ab7]
Hibernate: select next_val as id_val from hibernate_sequence for update
Hibernate: update hibernate_sequence set next_val= ? where next_val=?
Hibernate: insert into tasks (created, description, duration, task_financials_id, tasklist_id, id) values (?, ?, ?, ?, ?, ?)
Hibernate: select task0_.id as id1_7_, task0_.created as created2_7_, task0_.description as descript3_7_, task0_.duration as duration4_7_, task0_.task_financials_id as task_fin5_7_, task0_.tasklist_id as tasklist6_7_ from tasks task0_ where task0_.duration=?
Hibernate: select task0_.id as id1_7_0_, task0_.created as created2_7_0_, task0_.description as descript3_7_0_, task0_.duration as duration4_7_0_, task0_.task_financials_id as task_fin5_7_0_, task0_.tasklist_id as tasklist6_7_0_, taskfinanc1_.id as id1_8_1_, taskfinanc1_.paid as paid2_8_1_, taskfinanc1_.price as price3_8_1_, tasklist2_.id as id1_6_2_, tasklist2_.description as descript2_6_2_, tasklist2_.listname as listname3_6_2_ from tasks task0_ left outer join tasks_financials taskfinanc1_ on task0_.task_financials_id=taskfinanc1_.id left outer join tasklist tasklist2_ on task0_.tasklist_id=tasklist2_.id where task0_.id=?
Hibernate: delete from tasks where id=?
Hibernate: select next_val as id_val from hibernate_sequence for update
Hibernate: update hibernate_sequence set next_val= ? where next_val=?
Hibernate: insert into tasks (created, description, duration, task_financials_id, tasklist_id, id) values (?, ?, ?, ?, ?, ?)
Hibernate: select task0_.id as id1_7_0_, task0_.created as created2_7_0_, task0_.description as descript3_7_0_, task0_.duration as duration4_7_0_, task0_.task_financials_id as task_fin5_7_0_, task0_.tasklist_id as tasklist6_7_0_, taskfinanc1_.id as id1_8_1_, taskfinanc1_.paid as paid2_8_1_, taskfinanc1_.price as price3_8_1_, tasklist2_.id as id1_6_2_, tasklist2_.description as descript2_6_2_, tasklist2_.listname as listname3_6_2_ from tasks task0_ left outer join tasks_financials taskfinanc1_ on task0_.task_financials_id=taskfinanc1_.id left outer join tasklist tasklist2_ on task0_.tasklist_id=tasklist2_.id where task0_.id=?
Hibernate: select task0_.id as id1_7_0_, task0_.created as created2_7_0_, task0_.description as descript3_7_0_, task0_.duration as duration4_7_0_, task0_.task_financials_id as task_fin5_7_0_, task0_.tasklist_id as tasklist6_7_0_, taskfinanc1_.id as id1_8_1_, taskfinanc1_.paid as paid2_8_1_, taskfinanc1_.price as price3_8_1_, tasklist2_.id as id1_6_2_, tasklist2_.description as descript2_6_2_, tasklist2_.listname as listname3_6_2_ from tasks task0_ left outer join tasks_financials taskfinanc1_ on task0_.task_financials_id=taskfinanc1_.id left outer join tasklist tasklist2_ on task0_.tasklist_id=tasklist2_.id where task0_.id=?
Hibernate: delete from tasks where id=?
Hibernate: select next_val as id_val from hibernate_sequence for update
Hibernate: update hibernate_sequence set next_val= ? where next_val=?
Hibernate: select next_val as id_val from hibernate_sequence for update
Hibernate: update hibernate_sequence set next_val= ? where next_val=?
Hibernate: insert into tasks_financials (paid, price, id) values (?, ?, ?)
Hibernate: insert into tasks (created, description, duration, task_financials_id, tasklist_id, id) values (?, ?, ?, ?, ?, ?)
Hibernate: select task0_.id as id1_7_0_, task0_.created as created2_7_0_, task0_.description as descript3_7_0_, task0_.duration as duration4_7_0_, task0_.task_financials_id as task_fin5_7_0_, task0_.tasklist_id as tasklist6_7_0_, taskfinanc1_.id as id1_8_1_, taskfinanc1_.paid as paid2_8_1_, taskfinanc1_.price as price3_8_1_, tasklist2_.id as id1_6_2_, tasklist2_.description as descript2_6_2_, tasklist2_.listname as listname3_6_2_ from tasks task0_ left outer join tasks_financials taskfinanc1_ on task0_.task_financials_id=taskfinanc1_.id left outer join tasklist tasklist2_ on task0_.tasklist_id=tasklist2_.id where task0_.id=?
Hibernate: delete from tasks where id=?
Hibernate: delete from tasks_financials where id=?
]]></system-out>
  <system-err><![CDATA[]]></system-err>
</testsuite>
