<?xml version="1.0" encoding="UTF-8"?>
<testsuite name="com.kodilla.hibernate.manytomany.dao.CompanyDaoTestSuite" tests="3" skipped="0" failures="0" errors="0" timestamp="2019-12-20T22:55:14" hostname="Asus" time="0.217">
  <properties/>
  <testcase name="testSaveManyToMany" classname="com.kodilla.hibernate.manytomany.dao.CompanyDaoTestSuite" time="0.15"/>
  <testcase name="testCompanyCharacters" classname="com.kodilla.hibernate.manytomany.dao.CompanyDaoTestSuite" time="0.041"/>
  <testcase name="testEmployeesLastname" classname="com.kodilla.hibernate.manytomany.dao.CompanyDaoTestSuite" time="0.024"/>
  <system-out><![CDATA[2019-12-20 23:55:14.886  INFO 13076 --- [    Test worker] .b.t.c.SpringBootTestContextBootstrapper : Neither @ContextConfiguration nor @ContextHierarchy found for test class [com.kodilla.hibernate.manytomany.dao.CompanyDaoTestSuite], using SpringBootContextLoader
2019-12-20 23:55:14.887  INFO 13076 --- [    Test worker] o.s.t.c.support.AbstractContextLoader    : Could not detect default resource locations for test class [com.kodilla.hibernate.manytomany.dao.CompanyDaoTestSuite]: no resource found for suffixes {-context.xml, Context.groovy}.
2019-12-20 23:55:14.887  INFO 13076 --- [    Test worker] t.c.s.AnnotationConfigContextLoaderUtils : Could not detect default configuration classes for test class [com.kodilla.hibernate.manytomany.dao.CompanyDaoTestSuite]: CompanyDaoTestSuite does not declare any static, non-private, non-final, nested classes annotated with @Configuration.
2019-12-20 23:55:14.898  INFO 13076 --- [    Test worker] .b.t.c.SpringBootTestContextBootstrapper : Found @SpringBootConfiguration com.kodilla.hibernate.KodillaHibernateApplication for test class com.kodilla.hibernate.manytomany.dao.CompanyDaoTestSuite
2019-12-20 23:55:14.901  INFO 13076 --- [    Test worker] .b.t.c.SpringBootTestContextBootstrapper : Loaded default TestExecutionListener class names from location [META-INF/spring.factories]: [org.springframework.boot.test.autoconfigure.restdocs.RestDocsTestExecutionListener, org.springframework.boot.test.autoconfigure.web.client.MockRestServiceServerResetTestExecutionListener, org.springframework.boot.test.autoconfigure.web.servlet.MockMvcPrintOnlyOnFailureTestExecutionListener, org.springframework.boot.test.autoconfigure.web.servlet.WebDriverTestExecutionListener, org.springframework.boot.test.mock.mockito.MockitoTestExecutionListener, org.springframework.boot.test.mock.mockito.ResetMocksTestExecutionListener, org.springframework.test.context.web.ServletTestExecutionListener, org.springframework.test.context.support.DirtiesContextBeforeModesTestExecutionListener, org.springframework.test.context.support.DependencyInjectionTestExecutionListener, org.springframework.test.context.support.DirtiesContextTestExecutionListener, org.springframework.test.context.transaction.TransactionalTestExecutionListener, org.springframework.test.context.jdbc.SqlScriptsTestExecutionListener]
2019-12-20 23:55:14.902  INFO 13076 --- [    Test worker] .b.t.c.SpringBootTestContextBootstrapper : Using TestExecutionListeners: [org.springframework.test.context.support.DirtiesContextBeforeModesTestExecutionListener@579fb6e1, org.springframework.boot.test.mock.mockito.MockitoTestExecutionListener@885c02e, org.springframework.boot.test.autoconfigure.SpringBootDependencyInjectionTestExecutionListener@7553050f, org.springframework.test.context.support.DirtiesContextTestExecutionListener@247725a6, org.springframework.test.context.transaction.TransactionalTestExecutionListener@e75b777, org.springframework.test.context.jdbc.SqlScriptsTestExecutionListener@28d78227, org.springframework.boot.test.autoconfigure.restdocs.RestDocsTestExecutionListener@4541814f, org.springframework.boot.test.autoconfigure.web.client.MockRestServiceServerResetTestExecutionListener@5886d654, org.springframework.boot.test.autoconfigure.web.servlet.MockMvcPrintOnlyOnFailureTestExecutionListener@7beb1c3c, org.springframework.boot.test.autoconfigure.web.servlet.WebDriverTestExecutionListener@6fb97fdc, org.springframework.boot.test.mock.mockito.ResetMocksTestExecutionListener@263bc09d]
Hibernate: select next_val as id_val from hibernate_sequence for update
Hibernate: update hibernate_sequence set next_val= ? where next_val=?
Hibernate: select next_val as id_val from hibernate_sequence for update
Hibernate: update hibernate_sequence set next_val= ? where next_val=?
Hibernate: select next_val as id_val from hibernate_sequence for update
Hibernate: update hibernate_sequence set next_val= ? where next_val=?
Hibernate: select next_val as id_val from hibernate_sequence for update
Hibernate: update hibernate_sequence set next_val= ? where next_val=?
Hibernate: select next_val as id_val from hibernate_sequence for update
Hibernate: update hibernate_sequence set next_val= ? where next_val=?
Hibernate: select next_val as id_val from hibernate_sequence for update
Hibernate: update hibernate_sequence set next_val= ? where next_val=?
Hibernate: insert into companies (company_name, company_id) values (?, ?)
Hibernate: insert into employee (firstname, lastname, employee_id) values (?, ?, ?)
Hibernate: insert into companies (company_name, company_id) values (?, ?)
Hibernate: insert into employee (firstname, lastname, employee_id) values (?, ?, ?)
Hibernate: insert into companies (company_name, company_id) values (?, ?)
Hibernate: insert into employee (firstname, lastname, employee_id) values (?, ?, ?)
Hibernate: insert into join_company_employee (employee_id, company_id) values (?, ?)
Hibernate: insert into join_company_employee (employee_id, company_id) values (?, ?)
Hibernate: insert into join_company_employee (employee_id, company_id) values (?, ?)
Hibernate: insert into join_company_employee (employee_id, company_id) values (?, ?)
Hibernate: insert into join_company_employee (employee_id, company_id) values (?, ?)
Hibernate: select company0_.company_id as company_1_0_1_, company0_.company_name as company_2_0_1_, employees1_.company_id as company_2_4_3_, employee2_.employee_id as employee1_4_3_, employee2_.employee_id as employee1_1_0_, employee2_.firstname as firstnam2_1_0_, employee2_.lastname as lastname3_1_0_ from companies company0_ left outer join join_company_employee employees1_ on company0_.company_id=employees1_.company_id left outer join employee employee2_ on employees1_.employee_id=employee2_.employee_id where company0_.company_id=?
Hibernate: select companies0_.employee_id as employee1_4_0_, companies0_.company_id as company_2_4_0_, company1_.company_id as company_1_0_1_, company1_.company_name as company_2_0_1_ from join_company_employee companies0_ inner join companies company1_ on companies0_.company_id=company1_.company_id where companies0_.employee_id=?
Hibernate: select company0_.company_id as company_1_0_1_, company0_.company_name as company_2_0_1_, employees1_.company_id as company_2_4_3_, employee2_.employee_id as employee1_4_3_, employee2_.employee_id as employee1_1_0_, employee2_.firstname as firstnam2_1_0_, employee2_.lastname as lastname3_1_0_ from companies company0_ left outer join join_company_employee employees1_ on company0_.company_id=employees1_.company_id left outer join employee employee2_ on employees1_.employee_id=employee2_.employee_id where company0_.company_id=?
Hibernate: select company0_.company_id as company_1_0_1_, company0_.company_name as company_2_0_1_, employees1_.company_id as company_2_4_3_, employee2_.employee_id as employee1_4_3_, employee2_.employee_id as employee1_1_0_, employee2_.firstname as firstnam2_1_0_, employee2_.lastname as lastname3_1_0_ from companies company0_ left outer join join_company_employee employees1_ on company0_.company_id=employees1_.company_id left outer join employee employee2_ on employees1_.employee_id=employee2_.employee_id where company0_.company_id=?
Hibernate: select companies0_.employee_id as employee1_4_0_, companies0_.company_id as company_2_4_0_, company1_.company_id as company_1_0_1_, company1_.company_name as company_2_0_1_ from join_company_employee companies0_ inner join companies company1_ on companies0_.company_id=company1_.company_id where companies0_.employee_id=?
Hibernate: select companies0_.employee_id as employee1_4_0_, companies0_.company_id as company_2_4_0_, company1_.company_id as company_1_0_1_, company1_.company_name as company_2_0_1_ from join_company_employee companies0_ inner join companies company1_ on companies0_.company_id=company1_.company_id where companies0_.employee_id=?
Hibernate: select company0_.company_id as company_1_0_1_, company0_.company_name as company_2_0_1_, employees1_.company_id as company_2_4_3_, employee2_.employee_id as employee1_4_3_, employee2_.employee_id as employee1_1_0_, employee2_.firstname as firstnam2_1_0_, employee2_.lastname as lastname3_1_0_ from companies company0_ left outer join join_company_employee employees1_ on company0_.company_id=employees1_.company_id left outer join employee employee2_ on employees1_.employee_id=employee2_.employee_id where company0_.company_id=?
Hibernate: select company0_.company_id as company_1_0_1_, company0_.company_name as company_2_0_1_, employees1_.company_id as company_2_4_3_, employee2_.employee_id as employee1_4_3_, employee2_.employee_id as employee1_1_0_, employee2_.firstname as firstnam2_1_0_, employee2_.lastname as lastname3_1_0_ from companies company0_ left outer join join_company_employee employees1_ on company0_.company_id=employees1_.company_id left outer join employee employee2_ on employees1_.employee_id=employee2_.employee_id where company0_.company_id=?
Hibernate: select companies0_.employee_id as employee1_4_0_, companies0_.company_id as company_2_4_0_, company1_.company_id as company_1_0_1_, company1_.company_name as company_2_0_1_ from join_company_employee companies0_ inner join companies company1_ on companies0_.company_id=company1_.company_id where companies0_.employee_id=?
Hibernate: select company0_.company_id as company_1_0_1_, company0_.company_name as company_2_0_1_, employees1_.company_id as company_2_4_3_, employee2_.employee_id as employee1_4_3_, employee2_.employee_id as employee1_1_0_, employee2_.firstname as firstnam2_1_0_, employee2_.lastname as lastname3_1_0_ from companies company0_ left outer join join_company_employee employees1_ on company0_.company_id=employees1_.company_id left outer join employee employee2_ on employees1_.employee_id=employee2_.employee_id where company0_.company_id=?
Hibernate: select companies0_.employee_id as employee1_4_0_, companies0_.company_id as company_2_4_0_, company1_.company_id as company_1_0_1_, company1_.company_name as company_2_0_1_ from join_company_employee companies0_ inner join companies company1_ on companies0_.company_id=company1_.company_id where companies0_.employee_id=?
Hibernate: select companies0_.employee_id as employee1_4_0_, companies0_.company_id as company_2_4_0_, company1_.company_id as company_1_0_1_, company1_.company_name as company_2_0_1_ from join_company_employee companies0_ inner join companies company1_ on companies0_.company_id=company1_.company_id where companies0_.employee_id=?
Hibernate: select company0_.company_id as company_1_0_0_, company0_.company_name as company_2_0_0_ from companies company0_ where company0_.company_id=?
Hibernate: select employees0_.company_id as company_2_4_0_, employees0_.employee_id as employee1_4_0_, employee1_.employee_id as employee1_1_1_, employee1_.firstname as firstnam2_1_1_, employee1_.lastname as lastname3_1_1_ from join_company_employee employees0_ inner join employee employee1_ on employees0_.employee_id=employee1_.employee_id where employees0_.company_id=?
Hibernate: select companies0_.employee_id as employee1_4_0_, companies0_.company_id as company_2_4_0_, company1_.company_id as company_1_0_1_, company1_.company_name as company_2_0_1_ from join_company_employee companies0_ inner join companies company1_ on companies0_.company_id=company1_.company_id where companies0_.employee_id=?
Hibernate: select employees0_.company_id as company_2_4_0_, employees0_.employee_id as employee1_4_0_, employee1_.employee_id as employee1_1_1_, employee1_.firstname as firstnam2_1_1_, employee1_.lastname as lastname3_1_1_ from join_company_employee employees0_ inner join employee employee1_ on employees0_.employee_id=employee1_.employee_id where employees0_.company_id=?
Hibernate: select companies0_.employee_id as employee1_4_0_, companies0_.company_id as company_2_4_0_, company1_.company_id as company_1_0_1_, company1_.company_name as company_2_0_1_ from join_company_employee companies0_ inner join companies company1_ on companies0_.company_id=company1_.company_id where companies0_.employee_id=?
Hibernate: select employees0_.company_id as company_2_4_0_, employees0_.employee_id as employee1_4_0_, employee1_.employee_id as employee1_1_1_, employee1_.firstname as firstnam2_1_1_, employee1_.lastname as lastname3_1_1_ from join_company_employee employees0_ inner join employee employee1_ on employees0_.employee_id=employee1_.employee_id where employees0_.company_id=?
Hibernate: select companies0_.employee_id as employee1_4_0_, companies0_.company_id as company_2_4_0_, company1_.company_id as company_1_0_1_, company1_.company_name as company_2_0_1_ from join_company_employee companies0_ inner join companies company1_ on companies0_.company_id=company1_.company_id where companies0_.employee_id=?
Hibernate: delete from join_company_employee where employee_id=?
Hibernate: delete from join_company_employee where employee_id=?
Hibernate: delete from join_company_employee where employee_id=?
Hibernate: delete from employee where employee_id=?
Hibernate: delete from companies where company_id=?
Hibernate: delete from employee where employee_id=?
Hibernate: delete from companies where company_id=?
Hibernate: delete from employee where employee_id=?
Hibernate: delete from companies where company_id=?
Hibernate: select company0_.company_id as company_1_0_0_, company0_.company_name as company_2_0_0_ from companies company0_ where company0_.company_id=?
Hibernate: select next_val as id_val from hibernate_sequence for update
Hibernate: update hibernate_sequence set next_val= ? where next_val=?
Hibernate: insert into companies (company_name, company_id) values (?, ?)
Hibernate: SELECT * FROM COMPANIES WHERE SUBSTRING(COMPANY_NAME, '1','3') = ?
Hibernate: select company0_.company_id as company_1_0_0_, company0_.company_name as company_2_0_0_ from companies company0_ where company0_.company_id=?
Hibernate: select employees0_.company_id as company_2_4_0_, employees0_.employee_id as employee1_4_0_, employee1_.employee_id as employee1_1_1_, employee1_.firstname as firstnam2_1_1_, employee1_.lastname as lastname3_1_1_ from join_company_employee employees0_ inner join employee employee1_ on employees0_.employee_id=employee1_.employee_id where employees0_.company_id=?
Hibernate: delete from companies where company_id=?
Hibernate: select next_val as id_val from hibernate_sequence for update
Hibernate: update hibernate_sequence set next_val= ? where next_val=?
Hibernate: insert into employee (firstname, lastname, employee_id) values (?, ?, ?)
Hibernate: select employee0_.employee_id as employee1_1_, employee0_.firstname as firstnam2_1_, employee0_.lastname as lastname3_1_ from employee employee0_ where LASTNAME=?
Hibernate: select employee0_.employee_id as employee1_1_0_, employee0_.firstname as firstnam2_1_0_, employee0_.lastname as lastname3_1_0_ from employee employee0_ where employee0_.employee_id=?
Hibernate: select companies0_.employee_id as employee1_4_0_, companies0_.company_id as company_2_4_0_, company1_.company_id as company_1_0_1_, company1_.company_name as company_2_0_1_ from join_company_employee companies0_ inner join companies company1_ on companies0_.company_id=company1_.company_id where companies0_.employee_id=?
Hibernate: delete from employee where employee_id=?
]]></system-out>
  <system-err><![CDATA[]]></system-err>
</testsuite>
