<?xml version="1.0" encoding="UTF-8"?>
<testsuite name="com.kodilla.hibernate.invoice.dao.InvoiceDaoTestSuite" tests="1" skipped="0" failures="0" errors="0" timestamp="2019-12-23T19:26:06" hostname="Asus" time="0.091">
  <properties/>
  <testcase name="testInvoiceDaoSave" classname="com.kodilla.hibernate.invoice.dao.InvoiceDaoTestSuite" time="0.091"/>
  <system-out><![CDATA[2019-12-23 20:26:06.459  INFO 6960 --- [    Test worker] .b.t.c.SpringBootTestContextBootstrapper : Neither @ContextConfiguration nor @ContextHierarchy found for test class [com.kodilla.hibernate.invoice.dao.InvoiceDaoTestSuite], using SpringBootContextLoader
2019-12-23 20:26:06.459  INFO 6960 --- [    Test worker] o.s.t.c.support.AbstractContextLoader    : Could not detect default resource locations for test class [com.kodilla.hibernate.invoice.dao.InvoiceDaoTestSuite]: no resource found for suffixes {-context.xml, Context.groovy}.
2019-12-23 20:26:06.459  INFO 6960 --- [    Test worker] t.c.s.AnnotationConfigContextLoaderUtils : Could not detect default configuration classes for test class [com.kodilla.hibernate.invoice.dao.InvoiceDaoTestSuite]: InvoiceDaoTestSuite does not declare any static, non-private, non-final, nested classes annotated with @Configuration.
2019-12-23 20:26:06.477  INFO 6960 --- [    Test worker] .b.t.c.SpringBootTestContextBootstrapper : Found @SpringBootConfiguration com.kodilla.hibernate.KodillaHibernateApplication for test class com.kodilla.hibernate.invoice.dao.InvoiceDaoTestSuite
2019-12-23 20:26:06.481  INFO 6960 --- [    Test worker] .b.t.c.SpringBootTestContextBootstrapper : Loaded default TestExecutionListener class names from location [META-INF/spring.factories]: [org.springframework.boot.test.autoconfigure.restdocs.RestDocsTestExecutionListener, org.springframework.boot.test.autoconfigure.web.client.MockRestServiceServerResetTestExecutionListener, org.springframework.boot.test.autoconfigure.web.servlet.MockMvcPrintOnlyOnFailureTestExecutionListener, org.springframework.boot.test.autoconfigure.web.servlet.WebDriverTestExecutionListener, org.springframework.boot.test.mock.mockito.MockitoTestExecutionListener, org.springframework.boot.test.mock.mockito.ResetMocksTestExecutionListener, org.springframework.test.context.web.ServletTestExecutionListener, org.springframework.test.context.support.DirtiesContextBeforeModesTestExecutionListener, org.springframework.test.context.support.DependencyInjectionTestExecutionListener, org.springframework.test.context.support.DirtiesContextTestExecutionListener, org.springframework.test.context.transaction.TransactionalTestExecutionListener, org.springframework.test.context.jdbc.SqlScriptsTestExecutionListener]
2019-12-23 20:26:06.482  INFO 6960 --- [    Test worker] .b.t.c.SpringBootTestContextBootstrapper : Using TestExecutionListeners: [org.springframework.test.context.support.DirtiesContextBeforeModesTestExecutionListener@79249e9c, org.springframework.boot.test.mock.mockito.MockitoTestExecutionListener@6fab813f, org.springframework.boot.test.autoconfigure.SpringBootDependencyInjectionTestExecutionListener@f9179d9, org.springframework.test.context.support.DirtiesContextTestExecutionListener@5b3e1eee, org.springframework.test.context.transaction.TransactionalTestExecutionListener@6b3ab6b, org.springframework.test.context.jdbc.SqlScriptsTestExecutionListener@352260fb, org.springframework.boot.test.autoconfigure.restdocs.RestDocsTestExecutionListener@31f99837, org.springframework.boot.test.autoconfigure.web.client.MockRestServiceServerResetTestExecutionListener@1a1b3988, org.springframework.boot.test.autoconfigure.web.servlet.MockMvcPrintOnlyOnFailureTestExecutionListener@1e82153, org.springframework.boot.test.autoconfigure.web.servlet.WebDriverTestExecutionListener@276bbc2d, org.springframework.boot.test.mock.mockito.ResetMocksTestExecutionListener@5aaeb0d7]
Hibernate: select next_val as id_val from hibernate_sequence for update
Hibernate: update hibernate_sequence set next_val= ? where next_val=?
Hibernate: select next_val as id_val from hibernate_sequence for update
Hibernate: update hibernate_sequence set next_val= ? where next_val=?
Hibernate: select next_val as id_val from hibernate_sequence for update
Hibernate: update hibernate_sequence set next_val= ? where next_val=?
Hibernate: select next_val as id_val from hibernate_sequence for update
Hibernate: update hibernate_sequence set next_val= ? where next_val=?
Hibernate: select next_val as id_val from hibernate_sequence for update
Hibernate: update hibernate_sequence set next_val= ? where next_val=?
Hibernate: select next_val as id_val from hibernate_sequence for update
Hibernate: update hibernate_sequence set next_val= ? where next_val=?
Hibernate: select next_val as id_val from hibernate_sequence for update
Hibernate: update hibernate_sequence set next_val= ? where next_val=?
Hibernate: insert into invoices (invoice_number, id) values (?, ?)
Hibernate: insert into products (product_name, id) values (?, ?)
Hibernate: insert into items (invoice_id, price, product_id, quantity, value, id) values (?, ?, ?, ?, ?, ?)
Hibernate: insert into products (product_name, id) values (?, ?)
Hibernate: insert into items (invoice_id, price, product_id, quantity, value, id) values (?, ?, ?, ?, ?, ?)
Hibernate: insert into products (product_name, id) values (?, ?)
Hibernate: insert into items (invoice_id, price, product_id, quantity, value, id) values (?, ?, ?, ?, ?, ?)
Hibernate: select invoice0_.id as id1_2_2_, invoice0_.invoice_number as invoice_2_2_2_, items1_.invoice_id as invoice_5_3_4_, items1_.id as id1_3_4_, items1_.id as id1_3_0_, items1_.invoice_id as invoice_5_3_0_, items1_.price as price2_3_0_, items1_.product_id as product_6_3_0_, items1_.quantity as quantity3_3_0_, items1_.value as value4_3_0_, product2_.id as id1_5_1_, product2_.product_name as product_2_5_1_ from invoices invoice0_ left outer join items items1_ on invoice0_.id=items1_.invoice_id left outer join products product2_ on items1_.product_id=product2_.id where invoice0_.id=?
Hibernate: select items0_.product_id as product_6_3_0_, items0_.id as id1_3_0_, items0_.id as id1_3_1_, items0_.invoice_id as invoice_5_3_1_, items0_.price as price2_3_1_, items0_.product_id as product_6_3_1_, items0_.quantity as quantity3_3_1_, items0_.value as value4_3_1_, invoice1_.id as id1_2_2_, invoice1_.invoice_number as invoice_2_2_2_ from items items0_ left outer join invoices invoice1_ on items0_.invoice_id=invoice1_.id where items0_.product_id=?
Hibernate: select items0_.product_id as product_6_3_0_, items0_.id as id1_3_0_, items0_.id as id1_3_1_, items0_.invoice_id as invoice_5_3_1_, items0_.price as price2_3_1_, items0_.product_id as product_6_3_1_, items0_.quantity as quantity3_3_1_, items0_.value as value4_3_1_, invoice1_.id as id1_2_2_, invoice1_.invoice_number as invoice_2_2_2_ from items items0_ left outer join invoices invoice1_ on items0_.invoice_id=invoice1_.id where items0_.product_id=?
Hibernate: select items0_.product_id as product_6_3_0_, items0_.id as id1_3_0_, items0_.id as id1_3_1_, items0_.invoice_id as invoice_5_3_1_, items0_.price as price2_3_1_, items0_.product_id as product_6_3_1_, items0_.quantity as quantity3_3_1_, items0_.value as value4_3_1_, invoice1_.id as id1_2_2_, invoice1_.invoice_number as invoice_2_2_2_ from items items0_ left outer join invoices invoice1_ on items0_.invoice_id=invoice1_.id where items0_.product_id=?
Hibernate: delete from items where id=?
Hibernate: delete from products where id=?
Hibernate: delete from items where id=?
Hibernate: delete from products where id=?
Hibernate: delete from items where id=?
Hibernate: delete from products where id=?
Hibernate: delete from invoices where id=?
]]></system-out>
  <system-err><![CDATA[]]></system-err>
</testsuite>
