<?xml version="1.0" encoding="UTF-8"?>
<testsuite name="com.kodilla.hibernate.KodillaHibernateApplicationTests" tests="1" skipped="0" failures="0" errors="0" timestamp="2019-12-18T13:20:36" hostname="Asus" time="0.004">
  <properties/>
  <testcase name="contextLoads" classname="com.kodilla.hibernate.KodillaHibernateApplicationTests" time="0.004"/>
  <system-out><![CDATA[2019-12-18 14:20:36.058  INFO 12512 --- [    Test worker] .b.t.c.SpringBootTestContextBootstrapper : Neither @ContextConfiguration nor @ContextHierarchy found for test class [com.kodilla.hibernate.KodillaHibernateApplicationTests], using SpringBootContextLoader
2019-12-18 14:20:36.059  INFO 12512 --- [    Test worker] o.s.t.c.support.AbstractContextLoader    : Could not detect default resource locations for test class [com.kodilla.hibernate.KodillaHibernateApplicationTests]: no resource found for suffixes {-context.xml, Context.groovy}.
2019-12-18 14:20:36.059  INFO 12512 --- [    Test worker] t.c.s.AnnotationConfigContextLoaderUtils : Could not detect default configuration classes for test class [com.kodilla.hibernate.KodillaHibernateApplicationTests]: KodillaHibernateApplicationTests does not declare any static, non-private, non-final, nested classes annotated with @Configuration.
2019-12-18 14:20:36.067  INFO 12512 --- [    Test worker] .b.t.c.SpringBootTestContextBootstrapper : Found @SpringBootConfiguration com.kodilla.hibernate.KodillaHibernateApplication for test class com.kodilla.hibernate.KodillaHibernateApplicationTests
2019-12-18 14:20:36.071  INFO 12512 --- [    Test worker] .b.t.c.SpringBootTestContextBootstrapper : Loaded default TestExecutionListener class names from location [META-INF/spring.factories]: [org.springframework.boot.test.autoconfigure.restdocs.RestDocsTestExecutionListener, org.springframework.boot.test.autoconfigure.web.client.MockRestServiceServerResetTestExecutionListener, org.springframework.boot.test.autoconfigure.web.servlet.MockMvcPrintOnlyOnFailureTestExecutionListener, org.springframework.boot.test.autoconfigure.web.servlet.WebDriverTestExecutionListener, org.springframework.boot.test.mock.mockito.MockitoTestExecutionListener, org.springframework.boot.test.mock.mockito.ResetMocksTestExecutionListener, org.springframework.test.context.web.ServletTestExecutionListener, org.springframework.test.context.support.DirtiesContextBeforeModesTestExecutionListener, org.springframework.test.context.support.DependencyInjectionTestExecutionListener, org.springframework.test.context.support.DirtiesContextTestExecutionListener, org.springframework.test.context.transaction.TransactionalTestExecutionListener, org.springframework.test.context.jdbc.SqlScriptsTestExecutionListener]
2019-12-18 14:20:36.072  INFO 12512 --- [    Test worker] .b.t.c.SpringBootTestContextBootstrapper : Using TestExecutionListeners: [org.springframework.test.context.support.DirtiesContextBeforeModesTestExecutionListener@4cf9d375, org.springframework.boot.test.mock.mockito.MockitoTestExecutionListener@45054846, org.springframework.boot.test.autoconfigure.SpringBootDependencyInjectionTestExecutionListener@64949228, org.springframework.test.context.support.DirtiesContextTestExecutionListener@59919ed5, org.springframework.test.context.transaction.TransactionalTestExecutionListener@5b719ce9, org.springframework.test.context.jdbc.SqlScriptsTestExecutionListener@3459a8b9, org.springframework.boot.test.autoconfigure.restdocs.RestDocsTestExecutionListener@749c79c8, org.springframework.boot.test.autoconfigure.web.client.MockRestServiceServerResetTestExecutionListener@21ae36b8, org.springframework.boot.test.autoconfigure.web.servlet.MockMvcPrintOnlyOnFailureTestExecutionListener@76ef60b0, org.springframework.boot.test.autoconfigure.web.servlet.WebDriverTestExecutionListener@f0a12b4, org.springframework.boot.test.mock.mockito.ResetMocksTestExecutionListener@184f68a4]
]]></system-out>
  <system-err><![CDATA[]]></system-err>
</testsuite>
