<?xml version="1.0" encoding="UTF-8"?>
<testsuite name="com.kodilla.patterns.prototype.library.LibraryTestSuite" tests="1" skipped="0" failures="0" errors="0" timestamp="2019-10-24T14:06:30" hostname="Asus" time="0.034">
  <properties/>
  <testcase name="testGetBooks" classname="com.kodilla.patterns.prototype.library.LibraryTestSuite" time="0.034"/>
  <system-out><![CDATA[Library [The List number 1]
Book{title='Title5', author='Author5', publicationDate=2019-10-24}
Book{title='Title4', author='Author4', publicationDate=2019-10-24}
Book{title='Title2', author='Author2', publicationDate=2019-10-24}
Book{title='Title3', author='Author3', publicationDate=2019-10-24}

Library [The list number 3]
Book{title='Title5', author='Author5', publicationDate=2019-10-24}
Book{title='Title4', author='Author4', publicationDate=2019-10-24}
Book{title='Title2', author='Author2', publicationDate=2019-10-24}
Book{title='Title3', author='Author3', publicationDate=2019-10-24}

Library [The list number 2]
Book{title='Title5', author='Author5', publicationDate=2019-10-24}
Book{title='Title3', author='Author3', publicationDate=2019-10-24}
Book{title='Title4', author='Author4', publicationDate=2019-10-24}
Book{title='Title1', author='Author1', publicationDate=2019-10-24}
Book{title='Title2', author='Author2', publicationDate=2019-10-24}

]]></system-out>
  <system-err><![CDATA[]]></system-err>
</testsuite>
